<?xml version="1.0" encoding="UTF-8"?>
<testsuite xmlns:xsi="http://www.w3.org/2001/XMLSchema-instance" xsi:noNamespaceSchemaLocation="https://maven.apache.org/surefire/maven-surefire-plugin/xsd/surefire-test-report.xsd" name="TestSuite" time="31.989" tests="9" errors="0" skipped="0" failures="3">
  <properties>
[...]
</properties>
  <testcase name="getCategories" classname="Search.homePageTest" time="0.161"/>
  <testcase name="getCategories" classname="Search.homePageTest" time="0.051"/>
  <testcase name="getCategories" classname="Search.homePageTest" time="0.079"/>
  <testcase name="searchItems" classname="Search.homePageTest" time="12.531">
    <failure message="The element reference of &lt;input id=&quot;gh-btn&quot; class=&quot;btn btn-prim gh-spr&quot; type=&quot;submit&quot;&gt; is stale; either the element is no longer attached to the DOM, it is not in the current frame context, or the document has been refreshed&#10;For documentation on this error, please visit: http://seleniumhq.org/exceptions/stale_element_reference.html&#10;Build info: version: &apos;3.11.0&apos;, revision: &apos;e59cfb3&apos;, time: &apos;2018-03-11T20:26:55.152Z&apos;&#10;System info: host: &apos;subhras-MBP.attlocal.net&apos;, ip: &apos;2600:1700:2f90:4980:0:0:0:21%en0&apos;, os.name: &apos;Mac OS X&apos;, os.arch: &apos;x86_64&apos;, os.version: &apos;10.16&apos;, java.version: &apos;12.0.2&apos;&#10;Driver info: org.openqa.selenium.firefox.FirefoxDriver&#10;Capabilities {acceptInsecureCerts: true, browserName: firefox, browserVersion: 83.0, capabilities: {desiredCapabilities: {acceptInsecureCerts: true, browserName: firefox}}, javascriptEnabled: true, moz:accessibilityChecks: false, moz:buildID: 20201112153044, moz:headless: false, moz:processID: 23020, moz:profile: /var/folders/r8/pjs64d4x1kz..., moz:shutdownTimeout: 60000, moz:useNonSpecCompliantPointerOrigin: false, moz:webdriverClick: true, pageLoadStrategy: normal, platform: MAC, platformName: MAC, platformVersion: 20.1.0, rotatable: false, setWindowRect: true, strictFileInteractability: false, timeouts: {implicit: 0, pageLoad: 300000, script: 30000}, unhandledPromptBehavior: dismiss and notify}&#10;Session ID: 9e799b85-f424-fe40-8e01-aeec1f5fe3a9" type="org.openqa.selenium.StaleElementReferenceException"><![CDATA[org.openqa.selenium.StaleElementReferenceException: 
The element reference of <input id="gh-btn" class="btn btn-prim gh-spr" type="submit"> is stale; either the element is no longer attached to the DOM, it is not in the current frame context, or the document has been refreshed
For documentation on this error, please visit: http://seleniumhq.org/exceptions/stale_element_reference.html
Build info: version: '3.11.0', revision: 'e59cfb3', time: '2018-03-11T20:26:55.152Z'
System info: host: 'subhras-MBP.attlocal.net', ip: '2600:1700:2f90:4980:0:0:0:21%en0', os.name: 'Mac OS X', os.arch: 'x86_64', os.version: '10.16', java.version: '12.0.2'
Driver info: org.openqa.selenium.firefox.FirefoxDriver
Capabilities {acceptInsecureCerts: true, browserName: firefox, browserVersion: 83.0, capabilities: {desiredCapabilities: {acceptInsecureCerts: true, browserName: firefox}}, javascriptEnabled: true, moz:accessibilityChecks: false, moz:buildID: 20201112153044, moz:headless: false, moz:processID: 23020, moz:profile: /var/folders/r8/pjs64d4x1kz..., moz:shutdownTimeout: 60000, moz:useNonSpecCompliantPointerOrigin: false, moz:webdriverClick: true, pageLoadStrategy: normal, platform: MAC, platformName: MAC, platformVersion: 20.1.0, rotatable: false, setWindowRect: true, strictFileInteractability: false, timeouts: {implicit: 0, pageLoad: 300000, script: 30000}, unhandledPromptBehavior: dismiss and notify}
Session ID: 9e799b85-f424-fe40-8e01-aeec1f5fe3a9
	at Search.homePageTest.searchItems(homePageTest.java:26)
]]></failure>
    <system-err><![CDATA[1608718312424	Marionette	DEBUG	0 -> [0,8,"WebDriver:CloseWindow",{}]
1608718312424	Marionette	DEBUG	0 <- [1,8,null,[]]
1608718312426	Marionette	DEBUG	0 -> [0,9,"Marionette:Quit",{"flags":["eForceQuit"]}]
1608718312426	Marionette	INFO	Stopped listening on port 51240
1608718312480	Marionette	TRACE	Received observer notification quit-application
1608718312484	Marionette	DEBUG	0 <- [1,9,null,{"cause":"shutdown"}]
1608718312545	Marionette	DEBUG	Closed connection 0
1608718312682	Marionette	TRACE	Received observer notification xpcom-will-shutdown
1608718312682	Marionette	DEBUG	Resetting recommended pref app.update.disabledForTesting
1608718312683	Marionette	DEBUG	Resetting recommended pref apz.content_response_timeout
1608718312683	Marionette	DEBUG	Resetting recommended pref browser.contentblocking.introCount
1608718312683	Marionette	DEBUG	Resetting recommended pref browser.download.panel.shown
1608718312683	Marionette	DEBUG	Resetting recommended pref browser.newtabpage.enabled
1608718312683	Marionette	DEBUG	Resetting recommended pref browser.pagethumbnails.capturing_disabled
1608718312683	Marionette	DEBUG	Resetting recommended pref browser.search.update
1608718312683	Marionette	DEBUG	Resetting recommended pref browser.tabs.disableBackgroundZombification
1608718312683	Marionette	DEBUG	Resetting recommended pref browser.tabs.remote.separatePrivilegedContentProcess
1608718312683	Marionette	DEBUG	Resetting recommended pref browser.tabs.unloadOnLowMemory
1608718312683	Marionette	DEBUG	Resetting recommended pref browser.tabs.warnOnCloseOtherTabs
1608718312683	Marionette	DEBUG	Resetting recommended pref browser.tabs.warnOnOpen
1608718312683	Marionette	DEBUG	Resetting recommended pref browser.usedOnWindows10.introURL
1608718312683	Marionette	DEBUG	Resetting recommended pref browser.urlbar.suggest.searches
1608718312684	Marionette	DEBUG	Resetting recommended pref datareporting.policy.dataSubmissionPolicyAccepted
1608718312684	Marionette	DEBUG	Resetting recommended pref dom.disable_beforeunload
1608718312684	Marionette	DEBUG	Resetting recommended pref dom.disable_open_during_load
1608718312684	Marionette	DEBUG	Resetting recommended pref dom.file.createInChild
1608718312684	Marionette	DEBUG	Resetting recommended pref dom.max_chrome_script_run_time
1608718312684	Marionette	DEBUG	Resetting recommended pref dom.max_script_run_time
1608718312684	Marionette	DEBUG	Resetting recommended pref dom.push.connection.enabled
1608718312684	Marionette	DEBUG	Resetting recommended pref extensions.getAddons.cache.enabled
1608718312684	Marionette	DEBUG	Resetting recommended pref extensions.getAddons.discovery.api_url
1608718312684	Marionette	DEBUG	Resetting recommended pref network.http.prompt-temp-redirect
1608718312684	Marionette	DEBUG	Resetting recommended pref privacy.trackingprotection.enabled
1608718312684	Marionette	DEBUG	Resetting recommended pref security.certerrors.mitm.priming.enabled
1608718312684	Marionette	DEBUG	Resetting recommended pref security.fileuri.strict_origin_policy
1608718312684	Marionette	DEBUG	Resetting recommended pref security.notification_enable_delay
1608718312684	Marionette	DEBUG	Resetting recommended pref signon.autofillForms
1608718312685	Marionette	DEBUG	Resetting recommended pref signon.rememberSignons
1608718312685	Marionette	DEBUG	Marionette stopped listening
1608718313636	geckodriver	INFO	geckodriver 0.21.0
1608718313642	geckodriver	INFO	Listening on 127.0.0.1:14490
1608718313821	mozrunner::runner	INFO	Running command: "/Applications/Firefox.app/Contents/MacOS/firefox-bin" "-marionette" "-foreground" "-no-remote" "-profile" "/var/folders/r8/pjs64d4x1kzf3kd8ylr4bxr00000gn/T/rust_mozprofile.B9c7BChkToBU"
1608718314482	Marionette	TRACE	Marionette enabled
1608718314610	Marionette	TRACE	Received observer notification toplevel-window-ready
2020-12-23 05:11:56.042 firefox-bin[23020:7302376] Warning: Expected min height of view: (<NSButton: 0x12cbde800>) to be less than or equal to 30 but got a height of 32.000000. This error will be logged once per view in violation.
2020-12-23 05:11:56.043 firefox-bin[23020:7302376] Warning: Expected min height of view: (<NSButton: 0x138705c00>) to be less than or equal to 30 but got a height of 32.000000. This error will be logged once per view in violation.
2020-12-23 05:11:56.043 firefox-bin[23020:7302376] Warning: Expected min height of view: (<NSButton: 0x138707400>) to be less than or equal to 30 but got a height of 32.000000. This error will be logged once per view in violation.
2020-12-23 05:11:56.044 firefox-bin[23020:7302376] Warning: Expected min height of view: (<NSButton: 0x138703400>) to be less than or equal to 30 but got a height of 32.000000. This error will be logged once per view in violation.
2020-12-23 05:11:56.045 firefox-bin[23020:7302376] Warning: Expected min height of view: (<NSButton: 0x138703c00>) to be less than or equal to 30 but got a height of 32.000000. This error will be logged once per view in violation.
2020-12-23 05:11:56.045 firefox-bin[23020:7302376] Warning: Expected min height of view: (<NSPopoverTouchBarItemButton: 0x138705800>) to be less than or equal to 30 but got a height of 32.000000. This error will be logged once per view in violation.
2020-12-23 05:11:56.046 firefox-bin[23020:7302376] Warning: Expected min height of view: (<NSPopoverTouchBarItemButton: 0x138711c00>) to be less than or equal to 30 but got a height of 32.000000. This error will be logged once per view in violation.
1608718317097	Marionette	TRACE	Received observer notification marionette-startup-requested
1608718317097	Marionette	TRACE	Waiting until startup recorder finished recording startup scripts...
1608718317105	Marionette	TRACE	All scripts recorded.
1608718317105	Marionette	DEBUG	Setting recommended pref app.update.disabledForTesting to true
1608718317105	Marionette	DEBUG	Setting recommended pref apz.content_response_timeout to 60000
1608718317105	Marionette	DEBUG	Setting recommended pref browser.contentblocking.introCount to 99
1608718317105	Marionette	DEBUG	Setting recommended pref browser.download.panel.shown to true
1608718317105	Marionette	DEBUG	Setting recommended pref browser.newtabpage.enabled to false
1608718317106	Marionette	DEBUG	Setting recommended pref browser.pagethumbnails.capturing_disabled to true
1608718317106	Marionette	DEBUG	Setting recommended pref browser.search.update to false
1608718317106	Marionette	DEBUG	Setting recommended pref browser.tabs.disableBackgroundZombification to false
1608718317106	Marionette	DEBUG	Setting recommended pref browser.tabs.remote.separatePrivilegedContentProcess to false
1608718317106	Marionette	DEBUG	Setting recommended pref browser.tabs.unloadOnLowMemory to false
1608718317106	Marionette	DEBUG	Setting recommended pref browser.tabs.warnOnCloseOtherTabs to false
1608718317106	Marionette	DEBUG	Setting recommended pref browser.tabs.warnOnOpen to false
1608718317106	Marionette	DEBUG	Setting recommended pref browser.usedOnWindows10.introURL to 
1608718317106	Marionette	DEBUG	Setting recommended pref browser.urlbar.suggest.searches to false
1608718317107	Marionette	DEBUG	Setting recommended pref datareporting.policy.dataSubmissionPolicyAccepted to false
1608718317107	Marionette	DEBUG	Setting recommended pref dom.disable_beforeunload to true
1608718317107	Marionette	DEBUG	Setting recommended pref dom.disable_open_during_load to false
1608718317107	Marionette	DEBUG	Setting recommended pref dom.file.createInChild to true
1608718317107	Marionette	DEBUG	Setting recommended pref dom.max_chrome_script_run_time to 0
1608718317107	Marionette	DEBUG	Setting recommended pref dom.max_script_run_time to 0
1608718317107	Marionette	DEBUG	Setting recommended pref dom.push.connection.enabled to false
1608718317108	Marionette	DEBUG	Setting recommended pref extensions.getAddons.cache.enabled to false
1608718317108	Marionette	DEBUG	Setting recommended pref extensions.getAddons.discovery.api_url to data:, 
1608718317108	Marionette	DEBUG	Setting recommended pref network.http.prompt-temp-redirect to false
1608718317108	Marionette	DEBUG	Setting recommended pref privacy.trackingprotection.enabled to false
1608718317108	Marionette	DEBUG	Setting recommended pref security.certerrors.mitm.priming.enabled to false
1608718317108	Marionette	DEBUG	Setting recommended pref security.fileuri.strict_origin_policy to false
1608718317108	Marionette	DEBUG	Setting recommended pref security.notification_enable_delay to 0
1608718317108	Marionette	DEBUG	Setting recommended pref signon.autofillForms to false
1608718317109	Marionette	DEBUG	Setting recommended pref signon.rememberSignons to false
1608718317110	Marionette	INFO	Listening on port 51563
1608718317110	Marionette	DEBUG	Marionette is listening
1608718317207	Marionette	DEBUG	Accepted connection 0 from 127.0.0.1:51651
1608718317211	Marionette	DEBUG	0 -> [0,1,"WebDriver:NewSession",{"acceptInsecureCerts":true,"browserName":"firefox","capabilities":{"desiredCapabilities":{"acceptInsecureCerts":true,"browserName":"firefox"}}}]
1608718317212	Marionette	WARN	TLS certificate errors will be ignored for this session
1608718317216	Marionette	TRACE	[19] Frame script loaded
1608718317225	Marionette	DEBUG	0 <- [1,1,null,{"sessionId":"9e799b85-f424-fe40-8e01-aeec1f5fe3a9","capabilities":{"browserName":"firefox","browserVersion":"83.0" ... alse,"moz:webdriverClick":true,"capabilities":{"desiredCapabilities":{"acceptInsecureCerts":true,"browserName":"firefox"}}}}]
Dec 23, 2020 5:11:57 AM org.openqa.selenium.remote.ProtocolHandshake createSession
INFO: Detected dialect: W3C
1608718317232	Marionette	DEBUG	0 -> [0,2,"WebDriver:SetTimeouts",{"implicit":10000}]
1608718317232	Marionette	DEBUG	0 <- [1,2,null,{"value":null}]
1608718317250	Marionette	DEBUG	0 -> [0,3,"WebDriver:SetTimeouts",{"pageLoad":25000}]
1608718317250	Marionette	DEBUG	0 <- [1,3,null,{"value":null}]
1608718317257	Marionette	DEBUG	0 -> [0,4,"WebDriver:Navigate",{"url":"https://www.eBay.com/"}]
1608718317273	Marionette	TRACE	Received message beforeunload for about:blank
1608718317498	Marionette	TRACE	Received message pagehide for about:blank
1608718318385	Marionette	TRACE	Received message DOMContentLoaded for https://www.ebay.com/
1608718318498	Marionette	TRACE	Received message pageshow for https://www.ebay.com/
1608718318498	Marionette	DEBUG	0 <- [1,4,null,{"value":null}]
1608718318505	Marionette	DEBUG	0 -> [0,5,"WebDriver:FindElement",{"using":"css selector","value":"#gh-ac"}]
1608718318509	Marionette	DEBUG	0 <- [1,5,null,{"value":{"element-6066-11e4-a52e-4f735466cecf":"aad69667-b27d-a947-ab6e-d4ec7643fd46"}}]
1608718318517	Marionette	DEBUG	0 -> [0,6,"WebDriver:ElementSendKeys",{"id":"aad69667-b27d-a947-ab6e-d4ec7643fd46","text":"Java Book","value":["J","a","v","a"," ","B","o","o","k"]}]
1608718318576	Marionette	DEBUG	0 <- [1,6,null,{"value":null}]
1608718318582	Marionette	DEBUG	0 -> [0,7,"WebDriver:FindElement",{"using":"css selector","value":"#gh-btn"}]
1608718318607	Marionette	DEBUG	0 <- [1,7,null,{"value":{"element-6066-11e4-a52e-4f735466cecf":"d74e6568-2fca-1849-84e5-dee002bf0924"}}]
1608718318611	Marionette	DEBUG	0 -> [0,8,"WebDriver:ElementClick",{"id":"d74e6568-2fca-1849-84e5-dee002bf0924"}]
JavaScript error: https://cs.ns1p.net/p.js?a=c4cra1, line 1: TypeError: [].map(...).find(...).match(...) is null
JavaScript error: https://ir.ebaystatic.com/rs/c/desk1021_3.js, line 78: TypeError: a is undefined
1608718318713	Marionette	TRACE	Received DOM event click for [object HTMLInputElement]
1608718318713	Marionette	TRACE	Received message beforeunload for https://www.ebay.com/
JavaScript error: , line 0: NetworkError: A network error occurred.
JavaScript error: , line 0: NetworkError: A network error occurred.
1608718318926	Marionette	TRACE	Received message pagehide for https://www.ebay.com/
1608718320067	Marionette	TRACE	Received message DOMContentLoaded for https://www.ebay.com/sch/i.html?_from=R40&_trksid=p2380057.m570.l1313&_nkw=Java+Book&_sacat=0
1608718327950	Marionette	TRACE	Received message pageshow for https://www.ebay.com/sch/i.html?_from=R40&_trksid=p2380057.m570.l1313&_nkw=Java+Book&_sacat=0
1608718327950	Marionette	DEBUG	0 <- [1,8,null,{"value":null}]
1608718327952	Marionette	DEBUG	0 -> [0,9,"WebDriver:FindElement",{"using":"css selector","value":"#gh-ac"}]
1608718328005	Marionette	DEBUG	0 <- [1,9,null,{"value":{"element-6066-11e4-a52e-4f735466cecf":"a7c22655-87bd-c442-87c6-c21a2940eaed"}}]
1608718328007	Marionette	DEBUG	0 -> [0,10,"WebDriver:FindElement",{"using":"css selector","value":"#gh-ac"}]
1608718328010	Marionette	DEBUG	0 <- [1,10,null,{"value":{"element-6066-11e4-a52e-4f735466cecf":"a7c22655-87bd-c442-87c6-c21a2940eaed"}}]
1608718328013	Marionette	DEBUG	0 -> [0,11,"WebDriver:FindElement",{"using":"css selector","value":"#gh-ac"}]
1608718328029	Marionette	DEBUG	0 <- [1,11,null,{"value":{"element-6066-11e4-a52e-4f735466cecf":"a7c22655-87bd-c442-87c6-c21a2940eaed"}}]
1608718328032	Marionette	DEBUG	0 -> [0,12,"WebDriver:ElementClear",{"id":"a7c22655-87bd-c442-87c6-c21a2940eaed"}]
1608718328060	Marionette	DEBUG	0 <- [1,12,null,{"value":null}]
1608718328063	Marionette	DEBUG	0 -> [0,13,"WebDriver:ElementClear",{"id":"a7c22655-87bd-c442-87c6-c21a2940eaed"}]
1608718328167	Marionette	DEBUG	0 <- [1,13,null,{"value":null}]
1608718328168	Marionette	DEBUG	0 -> [0,14,"WebDriver:ElementClear",{"id":"a7c22655-87bd-c442-87c6-c21a2940eaed"}]
1608718328191	Marionette	DEBUG	0 <- [1,14,null,{"value":null}]
1608718328192	Marionette	DEBUG	0 -> [0,15,"WebDriver:FindElement",{"using":"css selector","value":"#gh-ac"}]
1608718328194	Marionette	DEBUG	0 <- [1,15,null,{"value":{"element-6066-11e4-a52e-4f735466cecf":"a7c22655-87bd-c442-87c6-c21a2940eaed"}}]
1608718328195	Marionette	DEBUG	0 -> [0,16,"WebDriver:FindElement",{"using":"css selector","value":"#gh-ac"}]
1608718328200	Marionette	DEBUG	0 <- [1,16,null,{"value":{"element-6066-11e4-a52e-4f735466cecf":"a7c22655-87bd-c442-87c6-c21a2940eaed"}}]
1608718328202	Marionette	DEBUG	0 -> [0,17,"WebDriver:FindElement",{"using":"css selector","value":"#gh-ac"}]
1608718328204	Marionette	DEBUG	0 <- [1,17,null,{"value":{"element-6066-11e4-a52e-4f735466cecf":"a7c22655-87bd-c442-87c6-c21a2940eaed"}}]
1608718328206	Marionette	DEBUG	0 -> [0,18,"WebDriver:ElementSendKeys",{"id":"a7c22655-87bd-c442-87c6-c21a2940eaed","text":"Laptop","value":["L","a","p","t","o","p"]}]
1608718328252	Marionette	DEBUG	0 <- [1,18,null,{"value":null}]
1608718328253	Marionette	DEBUG	0 -> [0,19,"WebDriver:ElementSendKeys",{"id":"a7c22655-87bd-c442-87c6-c21a2940eaed","text":"Honey","value":["H","o","n","e","y"]}]
1608718328269	Marionette	DEBUG	0 <- [1,19,null,{"value":null}]
1608718328270	Marionette	DEBUG	0 -> [0,20,"WebDriver:ElementSendKeys",{"id":"a7c22655-87bd-c442-87c6-c21a2940eaed","text":"Selenium Book","value":["S","e","l","e","n","i","u","m"," ","B","o","o","k"]}]
1608718328414	Marionette	DEBUG	0 <- [1,20,null,{"value":null}]
1608718328415	Marionette	DEBUG	0 -> [0,21,"WebDriver:FindElement",{"using":"css selector","value":"#gh-btn"}]
1608718328452	Marionette	DEBUG	0 <- [1,21,null,{"value":{"element-6066-11e4-a52e-4f735466cecf":"35b55328-8b83-4740-b0f8-12170cc06b98"}}]
1608718328487	Marionette	DEBUG	0 -> [0,22,"WebDriver:FindElement",{"using":"css selector","value":"#gh-btn"}]
1608718328499	Marionette	DEBUG	0 <- [1,22,null,{"value":{"element-6066-11e4-a52e-4f735466cecf":"35b55328-8b83-4740-b0f8-12170cc06b98"}}]
1608718328502	Marionette	DEBUG	0 -> [0,23,"WebDriver:FindElement",{"using":"css selector","value":"#gh-btn"}]
1608718328508	Marionette	DEBUG	0 <- [1,23,null,{"value":{"element-6066-11e4-a52e-4f735466cecf":"35b55328-8b83-4740-b0f8-12170cc06b98"}}]
1608718328511	Marionette	DEBUG	0 -> [0,24,"WebDriver:ElementClick",{"id":"35b55328-8b83-4740-b0f8-12170cc06b98"}]
JavaScript error: https://ir.ebaystatic.com/rs/c/desk1021_3.js, line 78: TypeError: a is undefined
1608718328543	Marionette	TRACE	Received DOM event click for [object HTMLInputElement]
1608718328546	Marionette	TRACE	Received message beforeunload for https://www.ebay.com/sch/i.html?_from=R40&_trksid=p2380057.m570.l1313&_nkw=Java+Book&_sacat=0
1608718328785	Marionette	TRACE	Received message pagehide for https://www.ebay.com/sch/i.html?_from=R40&_trksid=p2380057.m570.l1313&_nkw=Java+Book&_sacat=0
JavaScript error: , line 0: InvalidStateError: An attempt was made to use an object that is not, or is no longer, usable
1608718330819	Marionette	TRACE	Received message DOMContentLoaded for https://www.ebay.com/sch/i.html?_from=R40&_trksid=p2334524.m570.l1313&_nkw=LaptopHoneySelenium+Book&_sacat=0&LH_TitleDesc=0&_osacat=0&_odkw=Java+Book
1608718330977	Marionette	TRACE	Received message pageshow for https://www.ebay.com/sch/i.html?_from=R40&_trksid=p2334524.m570.l1313&_nkw=LaptopHoneySelenium+Book&_sacat=0&LH_TitleDesc=0&_osacat=0&_odkw=Java+Book
1608718330977	Marionette	DEBUG	0 <- [1,24,null,{"value":null}]
1608718330987	Marionette	DEBUG	0 -> [0,25,"WebDriver:ElementClick",{"id":"35b55328-8b83-4740-b0f8-12170cc06b98"}]
1608718330999	Marionette	DEBUG	0 <- [1,25,{"error":"stale element reference","message":"The element reference of <input id=\"gh-btn\" class=\"btn btn-prim gh-spr ... ch/</req<@chrome://marionette/content/listener.js:101:29\ndispatch/<@chrome://marionette/content/listener.js:100:15\n"},null]
1608718331003	Marionette	DEBUG	0 -> [0,26,"WebDriver:ElementClick",{"id":"35b55328-8b83-4740-b0f8-12170cc06b98"}]
1608718331012	Marionette	DEBUG	0 <- [1,26,{"error":"stale element reference","message":"The element reference of <input id=\"gh-btn\" class=\"btn btn-prim gh-spr ... ch/</req<@chrome://marionette/content/listener.js:101:29\ndispatch/<@chrome://marionette/content/listener.js:100:15\n"},null]
1608718331013	Marionette	DEBUG	0 -> [0,27,"WebDriver:FindElement",{"using":"css selector","value":"#gh-ac"}]
1608718331014	Marionette	DEBUG	0 <- [1,27,null,{"value":{"element-6066-11e4-a52e-4f735466cecf":"0872224f-c106-f941-b9cb-fac1b4cc7ded"}}]
1608718331022	Marionette	DEBUG	0 -> [0,28,"WebDriver:ElementClear",{"id":"0872224f-c106-f941-b9cb-fac1b4cc7ded"}]
]]></system-err>
  </testcase>
  <testcase name="searchItems" classname="Search.homePageTest" time="12.531">
    <failure message="The element reference of &lt;input id=&quot;gh-btn&quot; class=&quot;btn btn-prim gh-spr&quot; type=&quot;submit&quot;&gt; is stale; either the element is no longer attached to the DOM, it is not in the current frame context, or the document has been refreshed&#10;For documentation on this error, please visit: http://seleniumhq.org/exceptions/stale_element_reference.html&#10;Build info: version: &apos;3.11.0&apos;, revision: &apos;e59cfb3&apos;, time: &apos;2018-03-11T20:26:55.152Z&apos;&#10;System info: host: &apos;subhras-MBP.attlocal.net&apos;, ip: &apos;2600:1700:2f90:4980:0:0:0:21%en0&apos;, os.name: &apos;Mac OS X&apos;, os.arch: &apos;x86_64&apos;, os.version: &apos;10.16&apos;, java.version: &apos;12.0.2&apos;&#10;Driver info: org.openqa.selenium.firefox.FirefoxDriver&#10;Capabilities {acceptInsecureCerts: true, browserName: firefox, browserVersion: 83.0, capabilities: {desiredCapabilities: {acceptInsecureCerts: true, browserName: firefox}}, javascriptEnabled: true, moz:accessibilityChecks: false, moz:buildID: 20201112153044, moz:headless: false, moz:processID: 23020, moz:profile: /var/folders/r8/pjs64d4x1kz..., moz:shutdownTimeout: 60000, moz:useNonSpecCompliantPointerOrigin: false, moz:webdriverClick: true, pageLoadStrategy: normal, platform: MAC, platformName: MAC, platformVersion: 20.1.0, rotatable: false, setWindowRect: true, strictFileInteractability: false, timeouts: {implicit: 0, pageLoad: 300000, script: 30000}, unhandledPromptBehavior: dismiss and notify}&#10;Session ID: 9e799b85-f424-fe40-8e01-aeec1f5fe3a9" type="org.openqa.selenium.StaleElementReferenceException"><![CDATA[org.openqa.selenium.StaleElementReferenceException: 
The element reference of <input id="gh-btn" class="btn btn-prim gh-spr" type="submit"> is stale; either the element is no longer attached to the DOM, it is not in the current frame context, or the document has been refreshed
For documentation on this error, please visit: http://seleniumhq.org/exceptions/stale_element_reference.html
Build info: version: '3.11.0', revision: 'e59cfb3', time: '2018-03-11T20:26:55.152Z'
System info: host: 'subhras-MBP.attlocal.net', ip: '2600:1700:2f90:4980:0:0:0:21%en0', os.name: 'Mac OS X', os.arch: 'x86_64', os.version: '10.16', java.version: '12.0.2'
Driver info: org.openqa.selenium.firefox.FirefoxDriver
Capabilities {acceptInsecureCerts: true, browserName: firefox, browserVersion: 83.0, capabilities: {desiredCapabilities: {acceptInsecureCerts: true, browserName: firefox}}, javascriptEnabled: true, moz:accessibilityChecks: false, moz:buildID: 20201112153044, moz:headless: false, moz:processID: 23020, moz:profile: /var/folders/r8/pjs64d4x1kz..., moz:shutdownTimeout: 60000, moz:useNonSpecCompliantPointerOrigin: false, moz:webdriverClick: true, pageLoadStrategy: normal, platform: MAC, platformName: MAC, platformVersion: 20.1.0, rotatable: false, setWindowRect: true, strictFileInteractability: false, timeouts: {implicit: 0, pageLoad: 300000, script: 30000}, unhandledPromptBehavior: dismiss and notify}
Session ID: 9e799b85-f424-fe40-8e01-aeec1f5fe3a9
	at Search.homePageTest.searchItems(homePageTest.java:26)
]]></failure>
  </testcase>
  <testcase name="searchItems" classname="Search.homePageTest" time="14.536">
    <failure message="Tried to run command without establishing a connection&#10;Build info: version: &apos;3.11.0&apos;, revision: &apos;e59cfb3&apos;, time: &apos;2018-03-11T20:26:55.152Z&apos;&#10;System info: host: &apos;subhras-MBP.attlocal.net&apos;, ip: &apos;2600:1700:2f90:4980:0:0:0:21%en0&apos;, os.name: &apos;Mac OS X&apos;, os.arch: &apos;x86_64&apos;, os.version: &apos;10.16&apos;, java.version: &apos;12.0.2&apos;&#10;Driver info: org.openqa.selenium.firefox.FirefoxDriver&#10;Capabilities {acceptInsecureCerts: true, browserName: firefox, browserVersion: 83.0, capabilities: {desiredCapabilities: {acceptInsecureCerts: true, browserName: firefox}}, javascriptEnabled: true, moz:accessibilityChecks: false, moz:buildID: 20201112153044, moz:headless: false, moz:processID: 23020, moz:profile: /var/folders/r8/pjs64d4x1kz..., moz:shutdownTimeout: 60000, moz:useNonSpecCompliantPointerOrigin: false, moz:webdriverClick: true, pageLoadStrategy: normal, platform: MAC, platformName: MAC, platformVersion: 20.1.0, rotatable: false, setWindowRect: true, strictFileInteractability: false, timeouts: {implicit: 0, pageLoad: 300000, script: 30000}, unhandledPromptBehavior: dismiss and notify}&#10;Session ID: 9e799b85-f424-fe40-8e01-aeec1f5fe3a9" type="org.openqa.selenium.SessionNotCreatedException">org.openqa.selenium.SessionNotCreatedException: 
Tried to run command without establishing a connection
Build info: version: '3.11.0', revision: 'e59cfb3', time: '2018-03-11T20:26:55.152Z'
System info: host: 'subhras-MBP.attlocal.net', ip: '2600:1700:2f90:4980:0:0:0:21%en0', os.name: 'Mac OS X', os.arch: 'x86_64', os.version: '10.16', java.version: '12.0.2'
Driver info: org.openqa.selenium.firefox.FirefoxDriver
Capabilities {acceptInsecureCerts: true, browserName: firefox, browserVersion: 83.0, capabilities: {desiredCapabilities: {acceptInsecureCerts: true, browserName: firefox}}, javascriptEnabled: true, moz:accessibilityChecks: false, moz:buildID: 20201112153044, moz:headless: false, moz:processID: 23020, moz:profile: /var/folders/r8/pjs64d4x1kz..., moz:shutdownTimeout: 60000, moz:useNonSpecCompliantPointerOrigin: false, moz:webdriverClick: true, pageLoadStrategy: normal, platform: MAC, platformName: MAC, platformVersion: 20.1.0, rotatable: false, setWindowRect: true, strictFileInteractability: false, timeouts: {implicit: 0, pageLoad: 300000, script: 30000}, unhandledPromptBehavior: dismiss and notify}
Session ID: 9e799b85-f424-fe40-8e01-aeec1f5fe3a9
	at Search.homePageTest.searchItems(homePageTest.java:26)
</failure>
    <system-out><![CDATA[Screenshot captured
Screenshot captured
]]></system-out>
    <system-err><![CDATA[1608718331066	Marionette	DEBUG	0 <- [1,28,null,{"value":null}]
1608718331072	Marionette	DEBUG	0 -> [0,29,"WebDriver:FindElement",{"using":"css selector","value":"#gh-ac"}]
1608718331079	Marionette	DEBUG	0 <- [1,29,null,{"value":{"element-6066-11e4-a52e-4f735466cecf":"0872224f-c106-f941-b9cb-fac1b4cc7ded"}}]
1608718331080	Marionette	DEBUG	0 -> [0,30,"WebDriver:TakeScreenshot",{"full":false,"highlights":[],"id":null}]
Starting ChromeDriver 2.42.591059 (a3d9684d10d61aa0c45f6723b327283be1ebaad8) on port 28797
Only local connections are allowed.
1608718332220	Marionette	DEBUG	0 <- [1,30,null,{"value":"iVBORw0KGgoAAAANSUhEUgAACgAAAAcACAYAAAAcgxoYAAAgAElEQVR4nOzde3AUdb7///n+o2WdSgGnTqWoc7BI4VdPFfxKkF32UEtl ... x4ELt27YLP50MsFsP+/fvx448/3rR73mrmcp5nz57FBx98gOPHj2NycvImPiWBQCAQCAQCgUAgEAiEOxUiABIIBMLdzf8DDmFjDK40wboAAAAASUVORK5CYII="}]
1608718332271	Marionette	DEBUG	0 -> [0,31,"WebDriver:ElementSendKeys",{"id":"0872224f-c106-f941-b9cb-fac1b4cc7ded","text":"Honey","value":["H","o","n","e","y"]}]
1608718332299	Marionette	DEBUG	0 <- [1,31,null,{"value":null}]
1608718332305	Marionette	DEBUG	0 -> [0,32,"WebDriver:FindElement",{"using":"css selector","value":"#gh-btn"}]
1608718332315	Marionette	DEBUG	0 <- [1,32,null,{"value":{"element-6066-11e4-a52e-4f735466cecf":"79c00c20-8020-f843-98ce-bf35e4001278"}}]
1608718332318	Marionette	DEBUG	0 -> [0,33,"WebDriver:CloseWindow",{}]
1608718332318	Marionette	DEBUG	0 <- [1,33,null,[]]
1608718332319	Marionette	DEBUG	0 -> [0,34,"Marionette:Quit",{"flags":["eForceQuit"]}]
1608718332319	Marionette	INFO	Stopped listening on port 51563
1608718332343	Marionette	TRACE	Received observer notification quit-application
1608718332346	Marionette	DEBUG	0 <- [1,34,null,{"cause":"shutdown"}]
1608718332398	Marionette	DEBUG	Closed connection 0
1608718332509	Marionette	TRACE	Received observer notification xpcom-will-shutdown
1608718332509	Marionette	DEBUG	Resetting recommended pref app.update.disabledForTesting
1608718332509	Marionette	DEBUG	Resetting recommended pref apz.content_response_timeout
1608718332509	Marionette	DEBUG	Resetting recommended pref browser.contentblocking.introCount
1608718332509	Marionette	DEBUG	Resetting recommended pref browser.download.panel.shown
1608718332509	Marionette	DEBUG	Resetting recommended pref browser.newtabpage.enabled
1608718332510	Marionette	DEBUG	Resetting recommended pref browser.pagethumbnails.capturing_disabled
1608718332510	Marionette	DEBUG	Resetting recommended pref browser.search.update
1608718332510	Marionette	DEBUG	Resetting recommended pref browser.tabs.disableBackgroundZombification
1608718332510	Marionette	DEBUG	Resetting recommended pref browser.tabs.remote.separatePrivilegedContentProcess
1608718332510	Marionette	DEBUG	Resetting recommended pref browser.tabs.unloadOnLowMemory
1608718332510	Marionette	DEBUG	Resetting recommended pref browser.tabs.warnOnCloseOtherTabs
1608718332510	Marionette	DEBUG	Resetting recommended pref browser.tabs.warnOnOpen
1608718332510	Marionette	DEBUG	Resetting recommended pref browser.usedOnWindows10.introURL
1608718332510	Marionette	DEBUG	Resetting recommended pref browser.urlbar.suggest.searches
1608718332510	Marionette	DEBUG	Resetting recommended pref datareporting.policy.dataSubmissionPolicyAccepted
1608718332510	Marionette	DEBUG	Resetting recommended pref dom.disable_beforeunload
1608718332510	Marionette	DEBUG	Resetting recommended pref dom.disable_open_during_load
1608718332511	Marionette	DEBUG	Resetting recommended pref dom.file.createInChild
1608718332511	Marionette	DEBUG	Resetting recommended pref dom.max_chrome_script_run_time
1608718332511	Marionette	DEBUG	Resetting recommended pref dom.max_script_run_time
1608718332511	Marionette	DEBUG	Resetting recommended pref dom.push.connection.enabled
1608718332511	Marionette	DEBUG	Resetting recommended pref extensions.getAddons.cache.enabled
1608718332511	Marionette	DEBUG	Resetting recommended pref extensions.getAddons.discovery.api_url
1608718332511	Marionette	DEBUG	Resetting recommended pref network.http.prompt-temp-redirect
1608718332511	Marionette	DEBUG	Resetting recommended pref privacy.trackingprotection.enabled
1608718332511	Marionette	DEBUG	Resetting recommended pref security.certerrors.mitm.priming.enabled
1608718332511	Marionette	DEBUG	Resetting recommended pref security.fileuri.strict_origin_policy
1608718332511	Marionette	DEBUG	Resetting recommended pref security.notification_enable_delay
1608718332511	Marionette	DEBUG	Resetting recommended pref signon.autofillForms
1608718332511	Marionette	DEBUG	Resetting recommended pref signon.rememberSignons
1608718332512	Marionette	DEBUG	Marionette stopped listening
]]></system-err>
  </testcase>
  <testcase name="verifyEbay" classname="Search.homePageTest" time="0.026"/>
  <testcase name="verifyEbay" classname="Search.homePageTest" time="0.078"/>
  <testcase name="verifyEbay" classname="Search.homePageTest" time="0.057"/>
</testsuite>