<?xml version="1.0" encoding="UTF-8"?>
<testng-results ignored="0" total="1" passed="1" failed="0" skipped="0">
  <reporter-output>
    <line>
      <![CDATA[Extent Report Directory/Users/subhraroy/Web-Automation-FrameWork/MSNBC/target/surefire-reports/html]]>
    </line>
  </reporter-output>
  <suite started-at="2020-12-23T11:10:51Z" name="Surefire suite" finished-at="2020-12-23T11:10:54Z" duration-ms="2613">
    <groups>
    </groups>
    <test started-at="2020-12-23T11:10:51Z" name="Surefire test" finished-at="2020-12-23T11:10:54Z" duration-ms="2613">
      <class name="home.TestHomePage">
        <test-method is-config="true" signature="extentSetup(org.testng.ITestContext)[pri:0, instance:home.TestHomePage@158da8e]" started-at="2020-12-23T11:10:51Z" name="extentSetup" finished-at="2020-12-23T11:10:51Z" duration-ms="263" status="PASS">
          <params>
            <param index="0">
              <value>
                <![CDATA[org.testng.TestRunner@7004e3d]]>
              </value>
            </param>
          </params>
          <reporter-output>
            <line>
              <![CDATA[Extent Report Directory/Users/subhraroy/Web-Automation-FrameWork/MSNBC/target/surefire-reports/html]]>
            </line>
          </reporter-output>
        </test-method> <!-- extentSetup -->
        <test-method is-config="true" signature="setUp(boolean, java.lang.String, java.lang.String, java.lang.String, java.lang.String, java.lang.String, java.lang.String)[pri:0, instance:home.TestHomePage@158da8e]" started-at="2020-12-23T11:10:51Z" name="setUp" finished-at="2020-12-23T11:10:53Z" duration-ms="2245" status="PASS">
          <params>
            <param index="0">
              <value>
                <![CDATA[false]]>
              </value>
            </param>
            <param index="1">
              <value>
                <![CDATA[false]]>
              </value>
            </param>
            <param index="2">
              <value>
                <![CDATA[OS X]]>
              </value>
            </param>
            <param index="3">
              <value>
                <![CDATA[Sierra]]>
              </value>
            </param>
            <param index="4">
              <value>
                <![CDATA[chrome]]>
              </value>
            </param>
            <param index="5">
              <value>
                <![CDATA[69]]>
              </value>
            </param>
            <param index="6">
              <value>
                <![CDATA[https://www.eBay.com/]]>
              </value>
            </param>
          </params>
          <reporter-output>
          </reporter-output>
        </test-method> <!-- setUp -->
        <test-method is-config="true" signature="startExtent(java.lang.reflect.Method)[pri:0, instance:home.TestHomePage@158da8e]" started-at="2020-12-23T11:10:53Z" name="startExtent" finished-at="2020-12-23T11:10:53Z" duration-ms="4" status="PASS">
          <params>
            <param index="0">
              <value>
                <![CDATA[public void home.TestHomePage.homeUrl()]]>
              </value>
            </param>
          </params>
          <reporter-output>
          </reporter-output>
        </test-method> <!-- startExtent -->
        <test-method signature="homeUrl()[pri:0, instance:home.TestHomePage@158da8e]" started-at="2020-12-23T11:10:53Z" name="homeUrl" finished-at="2020-12-23T11:10:53Z" duration-ms="12" status="PASS">
          <reporter-output>
          </reporter-output>
        </test-method> <!-- homeUrl -->
        <test-method is-config="true" signature="afterEachTestMethod(org.testng.ITestResult)[pri:0, instance:home.TestHomePage@158da8e]" started-at="2020-12-23T11:10:53Z" name="afterEachTestMethod" finished-at="2020-12-23T11:10:53Z" duration-ms="196" status="PASS">
          <params>
            <param index="0">
              <value>
                <![CDATA[[TestResult name=homeUrl status=SUCCESS method=TestHomePage.homeUrl()[pri:0, instance:home.TestHomePage@158da8e] output={null}]]]>
              </value>
            </param>
          </params>
          <reporter-output>
          </reporter-output>
        </test-method> <!-- afterEachTestMethod -->
        <test-method is-config="true" signature="cleanUp()[pri:0, instance:home.TestHomePage@158da8e]" started-at="2020-12-23T11:10:53Z" name="cleanUp" finished-at="2020-12-23T11:10:54Z" duration-ms="146" status="PASS">
          <reporter-output>
          </reporter-output>
        </test-method> <!-- cleanUp -->
        <test-method is-config="true" signature="generateReport()[pri:0, instance:home.TestHomePage@158da8e]" started-at="2020-12-23T11:10:54Z" name="generateReport" finished-at="2020-12-23T11:10:54Z" duration-ms="30" status="PASS">
          <reporter-output>
          </reporter-output>
        </test-method> <!-- generateReport -->
      </class> <!-- home.TestHomePage -->
    </test> <!-- Surefire test -->
  </suite> <!-- Surefire suite -->
</testng-results>
