<?xml version="1.0" encoding="UTF-8"?>
<testsuite xmlns:xsi="http://www.w3.org/2001/XMLSchema-instance" xsi:noNamespaceSchemaLocation="https://maven.apache.org/surefire/maven-surefire-plugin/xsd/surefire-test-report.xsd" name="TestSuite" time="14.535" tests="24" errors="0" skipped="20" failures="2">
  <properties>
[...]
</properties>
  <testcase name="homepagetest" classname="HomePageTest.IhomePagetest" time="0.036"/>
  <testcase name="cleanUp" classname="HomePageTest.IhomePagetest" time="0.423">
    <failure message="Session ID is null. Using WebDriver after calling quit()?&#10;Build info: version: &apos;3.11.0&apos;, revision: &apos;e59cfb3&apos;, time: &apos;2018-03-11T20:26:55.152Z&apos;&#10;System info: host: &apos;ismayatis-MacBook-Air.local&apos;, ip: &apos;fe80:0:0:0:1869:cd4:b52d:895e%en0&apos;, os.name: &apos;Mac OS X&apos;, os.arch: &apos;x86_64&apos;, os.version: &apos;10.13.4&apos;, java.version: &apos;1.8.0_181&apos;&#10;Driver info: driver.version: RemoteWebDriver" type="org.openqa.selenium.NoSuchSessionException">org.openqa.selenium.NoSuchSessionException: 
Session ID is null. Using WebDriver after calling quit()?
Build info: version: '3.11.0', revision: 'e59cfb3', time: '2018-03-11T20:26:55.152Z'
System info: host: 'ismayatis-MacBook-Air.local', ip: 'fe80:0:0:0:1869:cd4:b52d:895e%en0', os.name: 'Mac OS X', os.arch: 'x86_64', os.version: '10.13.4', java.version: '1.8.0_181'
Driver info: driver.version: RemoteWebDriver
</failure>
  </testcase>
  <testcase name="cleanUp" classname="HomePageTest.IhomePagetest" time="0">
    <skipped/>
  </testcase>
  <testcase name="cleanUp" classname="HomePageTest.IhomePagetest" time="0">
    <skipped/>
  </testcase>
  <testcase name="cleanUp" classname="HomePageTest.IhomePagetest" time="0">
    <skipped/>
  </testcase>
  <testcase name="setUp" classname="HomePageTest.IhomePagetest" time="0">
    <skipped/>
  </testcase>
  <testcase name="setUp" classname="HomePageTest.IhomePagetest" time="0">
    <skipped/>
  </testcase>
  <testcase name="setUp" classname="HomePageTest.IhomePagetest" time="0">
    <skipped/>
  </testcase>
  <testcase name="startExtent" classname="HomePageTest.IhomePagetest" time="0">
    <skipped/>
  </testcase>
  <testcase name="startExtent" classname="HomePageTest.IhomePagetest" time="0">
    <skipped/>
  </testcase>
  <testcase name="startExtent" classname="HomePageTest.IhomePagetest" time="0">
    <skipped/>
  </testcase>
  <testcase name="loginbuttontest" classname="HomePageTest.IhomePagetest" time="0">
    <skipped message="Session ID is null. Using WebDriver after calling quit()?&#10;Build info: version: &apos;3.11.0&apos;, revision: &apos;e59cfb3&apos;, time: &apos;2018-03-11T20:26:55.152Z&apos;&#10;System info: host: &apos;ismayatis-MacBook-Air.local&apos;, ip: &apos;fe80:0:0:0:1869:cd4:b52d:895e%en0&apos;, os.name: &apos;Mac OS X&apos;, os.arch: &apos;x86_64&apos;, os.version: &apos;10.13.4&apos;, java.version: &apos;1.8.0_181&apos;&#10;Driver info: driver.version: RemoteWebDriver"/>
  </testcase>
  <testcase name="afterEachTestMethod" classname="HomePageTest.IhomePagetest" time="0">
    <skipped/>
  </testcase>
  <testcase name="afterEachTestMethod" classname="HomePageTest.IhomePagetest" time="0">
    <skipped/>
  </testcase>
  <testcase name="afterEachTestMethod" classname="HomePageTest.IhomePagetest" time="0">
    <skipped/>
  </testcase>
  <testcase name="signupnuttontest" classname="HomePageTest.IhomePagetest" time="0">
    <skipped message="Session ID is null. Using WebDriver after calling quit()?&#10;Build info: version: &apos;3.11.0&apos;, revision: &apos;e59cfb3&apos;, time: &apos;2018-03-11T20:26:55.152Z&apos;&#10;System info: host: &apos;ismayatis-MacBook-Air.local&apos;, ip: &apos;fe80:0:0:0:1869:cd4:b52d:895e%en0&apos;, os.name: &apos;Mac OS X&apos;, os.arch: &apos;x86_64&apos;, os.version: &apos;10.13.4&apos;, java.version: &apos;1.8.0_181&apos;&#10;Driver info: driver.version: RemoteWebDriver"/>
  </testcase>
  <testcase name="termbuttontest" classname="HomePageTest.IhomePagetest" time="0">
    <skipped message="Session ID is null. Using WebDriver after calling quit()?&#10;Build info: version: &apos;3.11.0&apos;, revision: &apos;e59cfb3&apos;, time: &apos;2018-03-11T20:26:55.152Z&apos;&#10;System info: host: &apos;ismayatis-MacBook-Air.local&apos;, ip: &apos;fe80:0:0:0:1869:cd4:b52d:895e%en0&apos;, os.name: &apos;Mac OS X&apos;, os.arch: &apos;x86_64&apos;, os.version: &apos;10.13.4&apos;, java.version: &apos;1.8.0_181&apos;&#10;Driver info: driver.version: RemoteWebDriver"/>
  </testcase>
  <testcase name="findsometest" classname="LoginPackageTest.Ilogintest" time="6.514"/>
  <testcase name="cleanUp" classname="LoginPackageTest.Ilogintest" time="6.69">
    <failure message="Session ID is null. Using WebDriver after calling quit()?&#10;Build info: version: &apos;3.11.0&apos;, revision: &apos;e59cfb3&apos;, time: &apos;2018-03-11T20:26:55.152Z&apos;&#10;System info: host: &apos;ismayatis-MacBook-Air.local&apos;, ip: &apos;fe80:0:0:0:1869:cd4:b52d:895e%en0&apos;, os.name: &apos;Mac OS X&apos;, os.arch: &apos;x86_64&apos;, os.version: &apos;10.13.4&apos;, java.version: &apos;1.8.0_181&apos;&#10;Driver info: driver.version: RemoteWebDriver" type="org.openqa.selenium.NoSuchSessionException">org.openqa.selenium.NoSuchSessionException: 
Session ID is null. Using WebDriver after calling quit()?
Build info: version: '3.11.0', revision: 'e59cfb3', time: '2018-03-11T20:26:55.152Z'
System info: host: 'ismayatis-MacBook-Air.local', ip: 'fe80:0:0:0:1869:cd4:b52d:895e%en0', os.name: 'Mac OS X', os.arch: 'x86_64', os.version: '10.13.4', java.version: '1.8.0_181'
Driver info: driver.version: RemoteWebDriver
</failure>
  </testcase>
  <testcase name="cleanUp" classname="LoginPackageTest.Ilogintest" time="0">
    <skipped/>
  </testcase>
  <testcase name="setUp" classname="LoginPackageTest.Ilogintest" time="0">
    <skipped/>
  </testcase>
  <testcase name="startExtent" classname="LoginPackageTest.Ilogintest" time="0">
    <skipped/>
  </testcase>
  <testcase name="lginfbtest" classname="LoginPackageTest.Ilogintest" time="0">
    <skipped message="Session ID is null. Using WebDriver after calling quit()?&#10;Build info: version: &apos;3.11.0&apos;, revision: &apos;e59cfb3&apos;, time: &apos;2018-03-11T20:26:55.152Z&apos;&#10;System info: host: &apos;ismayatis-MacBook-Air.local&apos;, ip: &apos;fe80:0:0:0:1869:cd4:b52d:895e%en0&apos;, os.name: &apos;Mac OS X&apos;, os.arch: &apos;x86_64&apos;, os.version: &apos;10.13.4&apos;, java.version: &apos;1.8.0_181&apos;&#10;Driver info: driver.version: RemoteWebDriver"/>
  </testcase>
  <testcase name="afterEachTestMethod" classname="LoginPackageTest.Ilogintest" time="0">
    <skipped/>
  </testcase>
</testsuite>